Determining if the pthread_create exist failed with the following output:
Change Dir: /home/tuto/Dropbox/C++/OpenGL/OpenGL-Tutorial/OpenGL-tutorial_v0014_33/build/CMakeFiles/CMakeTmp

Run Build Command:/usr/bin/make "cmTryCompileExec1830234191/fast"
/usr/bin/make -f CMakeFiles/cmTryCompileExec1830234191.dir/build.make CMakeFiles/cmTryCompileExec1830234191.dir/build
make[1]: Entering directory '/home/tuto/Dropbox/C++/OpenGL/OpenGL-Tutorial/OpenGL-tutorial_v0014_33/build/CMakeFiles/CMakeTmp'
/usr/bin/cmake -E cmake_progress_report /home/tuto/Dropbox/C++/OpenGL/OpenGL-Tutorial/OpenGL-tutorial_v0014_33/build/CMakeFiles/CMakeTmp/CMakeFiles 1
Building C object CMakeFiles/cmTryCompileExec1830234191.dir/CheckSymbolExists.c.o
/usr/bin/cc    -o CMakeFiles/cmTryCompileExec1830234191.dir/CheckSymbolExists.c.o   -c /home/tuto/Dropbox/C++/OpenGL/OpenGL-Tutorial/OpenGL-tutorial_v0014_33/build/CMakeFiles/CMakeTmp/CheckSymbolExists.c
Linking C executable cmTryCompileExec1830234191
/usr/bin/cmake -E cmake_link_script CMakeFiles/cmTryCompileExec1830234191.dir/link.txt --verbose=1
/usr/bin/cc       CMakeFiles/cmTryCompileExec1830234191.dir/CheckSymbolExists.c.o  -o cmTryCompileExec1830234191 -rdynamic 
CMakeFiles/cmTryCompileExec1830234191.dir/CheckSymbolExists.c.o: In function `main':
CheckSymbolExists.c:(.text+0x16): undefined reference to `pthread_create'
collect2: error: ld returned 1 exit status
CMakeFiles/cmTryCompileExec1830234191.dir/build.make:88: recipe for target 'cmTryCompileExec1830234191' failed
make[1]: *** [cmTryCompileExec1830234191] Error 1
make[1]: Leaving directory '/home/tuto/Dropbox/C++/OpenGL/OpenGL-Tutorial/OpenGL-tutorial_v0014_33/build/CMakeFiles/CMakeTmp'
Makefile:114: recipe for target 'cmTryCompileExec1830234191/fast' failed
make: *** [cmTryCompileExec1830234191/fast] Error 2

File /home/tuto/Dropbox/C++/OpenGL/OpenGL-Tutorial/OpenGL-tutorial_v0014_33/build/CMakeFiles/CMakeTmp/CheckSymbolExists.c:
/* */
#include <pthread.h>

int main(int argc, char** argv)
{
  (void)argv;
#ifndef pthread_create
  return ((int*)(&pthread_create))[argc];
#else
  (void)argc;
  return 0;
#endif
}

Determining if the function pthread_create exists in the pthreads failed with the following output:
Change Dir: /home/tuto/Dropbox/C++/OpenGL/OpenGL-Tutorial/OpenGL-tutorial_v0014_33/build/CMakeFiles/CMakeTmp

Run Build Command:/usr/bin/make "cmTryCompileExec2834824074/fast"
/usr/bin/make -f CMakeFiles/cmTryCompileExec2834824074.dir/build.make CMakeFiles/cmTryCompileExec2834824074.dir/build
make[1]: Entering directory '/home/tuto/Dropbox/C++/OpenGL/OpenGL-Tutorial/OpenGL-tutorial_v0014_33/build/CMakeFiles/CMakeTmp'
/usr/bin/cmake -E cmake_progress_report /home/tuto/Dropbox/C++/OpenGL/OpenGL-Tutorial/OpenGL-tutorial_v0014_33/build/CMakeFiles/CMakeTmp/CMakeFiles 1
Building C object CMakeFiles/cmTryCompileExec2834824074.dir/CheckFunctionExists.c.o
/usr/bin/cc   -DCHECK_FUNCTION_EXISTS=pthread_create   -o CMakeFiles/cmTryCompileExec2834824074.dir/CheckFunctionExists.c.o   -c /usr/share/cmake-2.8/Modules/CheckFunctionExists.c
Linking C executable cmTryCompileExec2834824074
/usr/bin/cmake -E cmake_link_script CMakeFiles/cmTryCompileExec2834824074.dir/link.txt --verbose=1
/usr/bin/cc   -DCHECK_FUNCTION_EXISTS=pthread_create    CMakeFiles/cmTryCompileExec2834824074.dir/CheckFunctionExists.c.o  -o cmTryCompileExec2834824074 -rdynamic -lpthreads 
/usr/bin/ld: cannot find -lpthreads
collect2: error: ld returned 1 exit status
CMakeFiles/cmTryCompileExec2834824074.dir/build.make:88: recipe for target 'cmTryCompileExec2834824074' failed
make[1]: *** [cmTryCompileExec2834824074] Error 1
make[1]: Leaving directory '/home/tuto/Dropbox/C++/OpenGL/OpenGL-Tutorial/OpenGL-tutorial_v0014_33/build/CMakeFiles/CMakeTmp'
Makefile:114: recipe for target 'cmTryCompileExec2834824074/fast' failed
make: *** [cmTryCompileExec2834824074/fast] Error 2


Determining if the function glXGetProcAddressEXT exists failed with the following output:
Change Dir: /home/tuto/Dropbox/C++/OpenGL/OpenGL-Tutorial/OpenGL-tutorial_v0014_33/build/CMakeFiles/CMakeTmp

Run Build Command:/usr/bin/make "cmTryCompileExec2905754183/fast"
/usr/bin/make -f CMakeFiles/cmTryCompileExec2905754183.dir/build.make CMakeFiles/cmTryCompileExec2905754183.dir/build
make[1]: Entering directory '/home/tuto/Dropbox/C++/OpenGL/OpenGL-Tutorial/OpenGL-tutorial_v0014_33/build/CMakeFiles/CMakeTmp'
/usr/bin/cmake -E cmake_progress_report /home/tuto/Dropbox/C++/OpenGL/OpenGL-Tutorial/OpenGL-tutorial_v0014_33/build/CMakeFiles/CMakeTmp/CMakeFiles 1
Building C object CMakeFiles/cmTryCompileExec2905754183.dir/CheckFunctionExists.c.o
/usr/bin/cc   -DCHECK_FUNCTION_EXISTS=glXGetProcAddressEXT   -o CMakeFiles/cmTryCompileExec2905754183.dir/CheckFunctionExists.c.o   -c /usr/share/cmake-2.8/Modules/CheckFunctionExists.c
Linking C executable cmTryCompileExec2905754183
/usr/bin/cmake -E cmake_link_script CMakeFiles/cmTryCompileExec2905754183.dir/link.txt --verbose=1
/usr/bin/cc   -DCHECK_FUNCTION_EXISTS=glXGetProcAddressEXT    CMakeFiles/cmTryCompileExec2905754183.dir/CheckFunctionExists.c.o  -o cmTryCompileExec2905754183 -rdynamic -lGL 
CMakeFiles/cmTryCompileExec2905754183.dir/CheckFunctionExists.c.o: In function `main':
CheckFunctionExists.c:(.text+0x15): undefined reference to `glXGetProcAddressEXT'
collect2: error: ld returned 1 exit status
CMakeFiles/cmTryCompileExec2905754183.dir/build.make:89: recipe for target 'cmTryCompileExec2905754183' failed
make[1]: Leaving directory '/home/tuto/Dropbox/C++/OpenGL/OpenGL-Tutorial/OpenGL-tutorial_v0014_33/build/CMakeFiles/CMakeTmp'
make[1]: *** [cmTryCompileExec2905754183] Error 1
Makefile:114: recipe for target 'cmTryCompileExec2905754183/fast' failed
make: *** [cmTryCompileExec2905754183/fast] Error 2


